<?xml version="1.0" encoding="UTF-8"?>
<!-- Generated by org.testng.reporters.JUnitReportReporter -->
<testsuite hostname="Achu" failures="0" tests="1" name="testCases.sampleTest" time="0.162" errors="0" timestamp="2023-09-18T17:56:01 BST" skipped="0">
  <testcase classname="testCases.sampleTest" name="test1" time="0.162"/>
</testsuite> <!-- testCases.sampleTest -->
