<?xml version="1.0" encoding="UTF-8"?>
<!-- Generated by org.testng.reporters.JUnitReportReporter -->
<testsuite hostname="Achu" failures="0" tests="3" name="testCases.AsceCareerWpdTest" time="44.442" errors="0" timestamp="2023-10-10T18:19:32 BST" skipped="0">
  <testcase classname="testCases.AsceCareerWpdTest" name="test1" time="28.896"/>
  <testcase classname="testCases.AsceCareerWpdTest" name="test2" time="11.977"/>
  <testcase classname="testCases.AsceCareerWpdTest" name="test3" time="3.569"/>
</testsuite> <!-- testCases.AsceCareerWpdTest -->
