<?xml version="1.0" encoding="UTF-8"?>
<!-- Generated by org.testng.reporters.JUnitReportReporter -->
<testsuite hostname="Achu" failures="0" tests="1" name="testCases.AsceContactUsFormTest" time="27.361" errors="0" timestamp="2023-09-25T19:56:06 BST" skipped="0">
  <testcase classname="testCases.AsceContactUsFormTest" name="contactTest" time="27.361"/>
</testsuite> <!-- testCases.AsceContactUsFormTest -->
