<?xml version="1.0" encoding="UTF-8"?>
<!-- Generated by org.testng.reporters.JUnitReportReporter -->
<testsuite hostname="Achu" failures="0" tests="3" name="testCases.AsceCareerHocsTest" time="44.406" errors="0" timestamp="2023-10-11T17:50:34 BST" skipped="0">
  <testcase classname="testCases.AsceCareerHocsTest" name="test1" time="26.718"/>
  <testcase classname="testCases.AsceCareerHocsTest" name="test2" time="13.526"/>
  <testcase classname="testCases.AsceCareerHocsTest" name="test3" time="4.162"/>
</testsuite> <!-- testCases.AsceCareerHocsTest -->
