<?xml version="1.0" encoding="UTF-8"?>
<!-- Generated by org.testng.reporters.JUnitReportReporter -->
<testsuite hostname="Achu" failures="0" tests="3" name="testCases.AsceContactUsFormTest" time="56.195" errors="0" timestamp="2023-09-27T18:58:39 BST" skipped="0">
  <testcase classname="testCases.AsceContactUsFormTest" name="contactTest" time="26.970"/>
  <testcase classname="testCases.AsceContactUsFormTest" name="negativeCase1" time="9.026"/>
  <testcase classname="testCases.AsceContactUsFormTest" name="invalidDatas" time="20.199"/>
</testsuite> <!-- testCases.AsceContactUsFormTest -->
