<?xml version="1.0" encoding="UTF-8"?>
<!-- Generated by org.testng.reporters.JUnitReportReporter -->
<testsuite hostname="Achu" failures="0" tests="3" name="testCases.AsceCareerHocsTest" time="50.665" errors="0" timestamp="2023-10-10T18:15:54 BST" skipped="0">
  <testcase classname="testCases.AsceCareerHocsTest" name="test1" time="25.567"/>
  <testcase classname="testCases.AsceCareerHocsTest" name="test2" time="21.480"/>
  <testcase classname="testCases.AsceCareerHocsTest" name="test3" time="3.618"/>
</testsuite> <!-- testCases.AsceCareerHocsTest -->
