<?xml version="1.0" encoding="UTF-8"?>
<!-- Generated by org.testng.reporters.JUnitReportReporter -->
<testsuite hostname="Achu" failures="0" tests="3" name="testCases.AsceCareerPhpFormTest" time="43.622" errors="0" timestamp="2023-09-30T18:25:17 BST" skipped="0">
  <testcase classname="testCases.AsceCareerPhpFormTest" name="test1" time="28.251"/>
  <testcase classname="testCases.AsceCareerPhpFormTest" name="test2" time="12.171"/>
  <testcase classname="testCases.AsceCareerPhpFormTest" name="test3" time="3.200"/>
</testsuite> <!-- testCases.AsceCareerPhpFormTest -->
