<?xml version="1.0" encoding="UTF-8"?>
<!-- Generated by org.testng.reporters.JUnitReportReporter -->
<testsuite hostname="Achu" failures="0" tests="3" name="testCases.AscenCareerDpmTest" time="42.257" errors="0" timestamp="2023-10-10T18:27:35 BST" skipped="0">
  <testcase classname="testCases.AscenCareerDpmTest" name="test1" time="26.847"/>
  <testcase classname="testCases.AscenCareerDpmTest" name="test2" time="11.795"/>
  <testcase classname="testCases.AscenCareerDpmTest" name="test3" time="3.615"/>
</testsuite> <!-- testCases.AscenCareerDpmTest -->
