<?xml version="1.0" encoding="UTF-8"?>
<!-- Generated by org.testng.reporters.JUnitReportReporter -->
<testsuite hostname="Achu" failures="0" tests="3" name="testCases.AsceCareerFsdTest" time="47.622" errors="0" timestamp="2023-10-11T17:50:34 BST" skipped="0">
  <testcase classname="testCases.AsceCareerFsdTest" name="test1" time="30.849"/>
  <testcase classname="testCases.AsceCareerFsdTest" name="test2" time="13.262"/>
  <testcase classname="testCases.AsceCareerFsdTest" name="test3" time="3.511"/>
</testsuite> <!-- testCases.AsceCareerFsdTest -->
