<?xml version="1.0" encoding="UTF-8"?>
<!-- Generated by org.testng.reporters.JUnitReportReporter -->
<testsuite hostname="Achu" failures="0" tests="1" name="testCases.AsceCareerFormTest" time="28.454" errors="0" timestamp="2023-09-25T19:11:44 BST" skipped="0">
  <testcase classname="testCases.AsceCareerFormTest" name="test1" time="28.454"/>
</testsuite> <!-- testCases.AsceCareerFormTest -->
