<?xml version="1.0" encoding="UTF-8"?>
<!-- Generated by org.testng.reporters.JUnitReportReporter -->
<testsuite hostname="Achu" failures="0" tests="3" name="testCases.AsceContactUsFormTest" time="27.070" errors="0" timestamp="2023-09-29T19:50:11 BST" skipped="0">
  <testcase classname="testCases.AsceContactUsFormTest" name="contactTest" time="27.049"/>
  <testcase classname="testCases.AsceContactUsFormTest" name="negativeCase1" time="0.010"/>
  <testcase classname="testCases.AsceContactUsFormTest" name="invalidDatas" time="0.011"/>
</testsuite> <!-- testCases.AsceContactUsFormTest -->
