<?xml version="1.0" encoding="UTF-8"?>
<!-- Generated by org.testng.reporters.JUnitReportReporter -->
<testsuite hostname="Achu" failures="0" tests="3" name="testCases.AscenCareerDpmTest" time="40.331" errors="0" timestamp="2023-10-03T18:32:06 BST" skipped="0">
  <testcase classname="testCases.AscenCareerDpmTest" name="test1" time="25.603"/>
  <testcase classname="testCases.AscenCareerDpmTest" name="test2" time="11.370"/>
  <testcase classname="testCases.AscenCareerDpmTest" name="test3" time="3.358"/>
</testsuite> <!-- testCases.AscenCareerDpmTest -->
