<?xml version="1.0" encoding="UTF-8"?>
<!-- Generated by org.testng.reporters.JUnitReportReporter -->
<testsuite hostname="Achu" failures="0" tests="3" name="testCases.AscenCareerDpmTest" time="45.635" errors="0" timestamp="2023-10-11T17:50:34 BST" skipped="0">
  <testcase classname="testCases.AscenCareerDpmTest" name="test1" time="27.993"/>
  <testcase classname="testCases.AscenCareerDpmTest" name="test2" time="13.798"/>
  <testcase classname="testCases.AscenCareerDpmTest" name="test3" time="3.844"/>
</testsuite> <!-- testCases.AscenCareerDpmTest -->
