<?xml version="1.0" encoding="UTF-8"?>
<!-- Generated by org.testng.reporters.JUnitReportReporter -->
<testsuite hostname="Achu" failures="0" tests="3" name="testCases.AsceCareerFsdTest" time="51.577" errors="0" timestamp="2023-10-10T18:05:21 BST" skipped="0">
  <testcase classname="testCases.AsceCareerFsdTest" name="test1" time="36.224"/>
  <testcase classname="testCases.AsceCareerFsdTest" name="test2" time="12.100"/>
  <testcase classname="testCases.AsceCareerFsdTest" name="test3" time="3.253"/>
</testsuite> <!-- testCases.AsceCareerFsdTest -->
