<?xml version="1.0" encoding="UTF-8"?>
<!-- Generated by org.testng.reporters.JUnitReportReporter -->
<testsuite hostname="Achu" failures="0" tests="3" name="testCases.AsceCareerFsdTest" time="43.858" errors="0" timestamp="2023-09-30T18:29:26 BST" skipped="0">
  <testcase classname="testCases.AsceCareerFsdTest" name="test1" time="28.653"/>
  <testcase classname="testCases.AsceCareerFsdTest" name="test2" time="12.010"/>
  <testcase classname="testCases.AsceCareerFsdTest" name="test3" time="3.195"/>
</testsuite> <!-- testCases.AsceCareerFsdTest -->
