<?xml version="1.0" encoding="UTF-8"?>
<!-- Generated by org.testng.reporters.JUnitReportReporter -->
<testsuite hostname="Achu" failures="0" tests="1" name="testCases.AsceCareerFormTest" time="29.150" errors="0" timestamp="2023-09-29T19:17:16 BST" skipped="0">
  <testcase classname="testCases.AsceCareerFormTest" name="test1" time="29.150"/>
</testsuite> <!-- testCases.AsceCareerFormTest -->
