<?xml version="1.0" encoding="UTF-8"?>
<!-- Generated by org.testng.reporters.JUnitReportReporter -->
<testsuite hostname="Achu" failures="0" tests="3" name="testCases.AsceCareerPhpTest" time="42.806" errors="0" timestamp="2023-10-10T17:59:15 BST" skipped="0">
  <testcase classname="testCases.AsceCareerPhpTest" name="test1" time="27.215"/>
  <testcase classname="testCases.AsceCareerPhpTest" name="test2" time="11.913"/>
  <testcase classname="testCases.AsceCareerPhpTest" name="test3" time="3.678"/>
</testsuite> <!-- testCases.AsceCareerPhpTest -->
