<?xml version="1.0" encoding="UTF-8"?>
<!-- Generated by org.testng.reporters.JUnitReportReporter -->
<testsuite hostname="Achu" failures="0" tests="3" name="testCases.AsceContactUsFormTest" time="48.444" errors="0" timestamp="2023-09-30T17:33:42 BST" skipped="0">
  <testcase classname="testCases.AsceContactUsFormTest" name="contactTest" time="24.229"/>
  <testcase classname="testCases.AsceContactUsFormTest" name="negativeCase1" time="8.704"/>
  <testcase classname="testCases.AsceContactUsFormTest" name="invalidDatas" time="15.511"/>
</testsuite> <!-- testCases.AsceContactUsFormTest -->
